<?xml version="1.0" encoding="UTF-8"?>
<!-- Generated by org.testng.reporters.JUnitXMLReporter -->
<testsuite ignored="0" hostname="LT-5CD037JWRY" failures="0" tests="1" name="Default test(failed)(failed)" time="0.042" errors="0" timestamp="2022-04-05T15:02:38 IST">
  <testcase classname="test.TestNGClass" name="@BeforeTest launchBrowser" time="-1.649151158287E9">
    <failure type="org.testng.TestNGException" message="
Parameter &amp;apos;browser&amp;apos; is required by BeforeTest on method launchBrowser but has not been marked @Optional or defined
in C:\Users\Rajeshwar.Bhokare\eclipse-workspace\software\test-output\testng-failed.xml">
      <![CDATA[org.testng.TestNGException: 
Parameter 'browser' is required by BeforeTest on method launchBrowser but has not been marked @Optional or defined
in C:\Users\Rajeshwar.Bhokare\eclipse-workspace\software\test-output\testng-failed.xml
... Removed 21 stack frames]]>
    </failure>
  </testcase> <!-- @BeforeTest launchBrowser -->
  <testcase classname="test.TestNGClass" name="@BeforeClass initializepomclass" time="-1.649151158305E9">
    <skipped/>
  </testcase> <!-- @BeforeClass initializepomclass -->
  <testcase classname="test.TestNGClass" name="@BeforeMethod loginGlobaldata" time="-1.649151158316E9">
    <skipped/>
  </testcase> <!-- @BeforeMethod loginGlobaldata -->
  <testcase classname="test.TestNGClass" name="@AfterMethod logout" time="-1.649151158321E9">
    <skipped/>
  </testcase> <!-- @AfterMethod logout -->
  <testcase classname="test.TestNGClass" name="@AfterTest closeBrawser" time="-1.649151158323E9">
    <skipped/>
  </testcase> <!-- @AfterTest closeBrawser -->
  <testcase classname="test.TestNGClass" name="clickontechnologybutton" time="0.0">
    <skipped/>
  </testcase> <!-- clickontechnologybutton -->
</testsuite> <!-- Default test(failed)(failed) -->
