<?xml version="1.0" encoding="UTF-8"?>
<!-- Generated by org.testng.reporters.JUnitReportReporter -->
<testsuite hostname="LT-5CD037JWRY" failures="0" tests="19" name="test.TestNGClass" time="-1649497856.000" errors="1" timestamp="2022-04-09T15:20:17 IST" skipped="18">
  <testcase classname="test.TestNGClass" name="clickonhealthcare" time="0.000">
    <skipped/>
  </testcase> <!-- clickonhealthcare -->
  <system-out/>
  <testcase classname="test.TestNGClass" name="bankingandpayment" time="0.000">
    <skipped/>
  </testcase> <!-- bankingandpayment -->
  <system-out/>
  <testcase classname="test.TestNGClass" name="clickonpackaging" time="0.000">
    <skipped/>
  </testcase> <!-- clickonpackaging -->
  <system-out/>
  <testcase classname="test.TestNGClass" name="launchBrowser" time="-1649497856.000">
    <error message="
Parameter &#039;browser&#039; is required by BeforeTest on method launchBrowser but has not been marked @Optional or defined
in C:\Users\Rajeshwar.Bhokare\AppData\Local\Temp\testng-eclipse-1238355179\testng-customsuite.xml" type="org.testng.TestNGException">
      <![CDATA[org.testng.TestNGException: 
Parameter 'browser' is required by BeforeTest on method launchBrowser but has not been marked @Optional or defined
in C:\Users\Rajeshwar.Bhokare\AppData\Local\Temp\testng-eclipse-1238355179\testng-customsuite.xml
at org.testng.internal.Parameters.createParams(Parameters.java:270)
at org.testng.internal.Parameters.createParametersForMethod(Parameters.java:358)
at org.testng.internal.Parameters.createParameters(Parameters.java:700)
at org.testng.internal.Parameters.createConfigurationParameters(Parameters.java:168)
at org.testng.internal.ConfigInvoker.invokeConfigurations(ConfigInvoker.java:302)
at org.testng.TestRunner.invokeTestConfigurations(TestRunner.java:637)
at org.testng.TestRunner.beforeRun(TestRunner.java:627)
at org.testng.TestRunner.run(TestRunner.java:589)
at org.testng.SuiteRunner.runTest(SuiteRunner.java:377)
at org.testng.SuiteRunner.runSequentially(SuiteRunner.java:371)
at org.testng.SuiteRunner.privateRun(SuiteRunner.java:332)
at org.testng.SuiteRunner.run(SuiteRunner.java:276)
at org.testng.SuiteRunnerWorker.runSuite(SuiteRunnerWorker.java:53)
at org.testng.SuiteRunnerWorker.run(SuiteRunnerWorker.java:96)
at org.testng.TestNG.runSuitesSequentially(TestNG.java:1212)
at org.testng.TestNG.runSuitesLocally(TestNG.java:1134)
at org.testng.TestNG.runSuites(TestNG.java:1063)
at org.testng.TestNG.run(TestNG.java:1031)
at org.testng.remote.AbstractRemoteTestNG.run(AbstractRemoteTestNG.java:115)
at org.testng.remote.RemoteTestNG.initAndRun(RemoteTestNG.java:251)
at org.testng.remote.RemoteTestNG.main(RemoteTestNG.java:77)
]]>
    </error>
  </testcase> <!-- launchBrowser -->
  <system-out/>
  <testcase classname="test.TestNGClass" name="clickoilandgas" time="0.000">
    <skipped/>
  </testcase> <!-- clickoilandgas -->
  <system-out/>
  <testcase classname="test.TestNGClass" name="clickonconstruction" time="0.000">
    <skipped/>
  </testcase> <!-- clickonconstruction -->
  <system-out/>
  <testcase classname="test.TestNGClass" name="clickontechnologybutton" time="0.000">
    <skipped/>
  </testcase> <!-- clickontechnologybutton -->
  <system-out/>
  <testcase classname="test.TestNGClass" name="clickonconsumer" time="0.000">
    <skipped/>
  </testcase> <!-- clickonconsumer -->
  <system-out/>
  <testcase classname="test.TestNGClass" name="clickonmedical" time="0.000">
    <skipped/>
  </testcase> <!-- clickonmedical -->
  <system-out/>
  <testcase classname="test.TestNGClass" name="clickonretail" time="0.000">
    <skipped/>
  </testcase> <!-- clickonretail -->
  <system-out/>
  <testcase classname="test.TestNGClass" name="clickomining" time="0.000">
    <skipped/>
  </testcase> <!-- clickomining -->
  <system-out/>
  <testcase classname="test.TestNGClass" name="clickonpharma" time="0.000">
    <skipped/>
  </testcase> <!-- clickonpharma -->
  <system-out/>
  <testcase classname="test.TestNGClass" name="clickonautomotive" time="0.000">
    <skipped/>
  </testcase> <!-- clickonautomotive -->
  <system-out/>
  <testcase classname="test.TestNGClass" name="clickonpower" time="0.000">
    <skipped/>
  </testcase> <!-- clickonpower -->
  <system-out/>
  <testcase classname="test.TestNGClass" name="clickonapparel" time="0.000">
    <skipped/>
  </testcase> <!-- clickonapparel -->
  <system-out/>
  <testcase classname="test.TestNGClass" name="clickoaerospace" time="0.000">
    <skipped/>
  </testcase> <!-- clickoaerospace -->
  <system-out/>
  <testcase classname="test.TestNGClass" name="clickoninsurance" time="0.000">
    <skipped/>
  </testcase> <!-- clickoninsurance -->
  <system-out/>
  <testcase classname="test.TestNGClass" name="clickonfoodservice" time="0.000">
    <skipped/>
  </testcase> <!-- clickonfoodservice -->
  <system-out/>
  <testcase classname="test.TestNGClass" name="clickonsport" time="0.000">
    <skipped/>
  </testcase> <!-- clickonsport -->
  <system-out/>
</testsuite> <!-- test.TestNGClass -->
