<?xml version="1.0" encoding="UTF-8"?>
<!-- Generated by org.testng.reporters.JUnitXMLReporter -->
<testsuite ignored="0" hostname="LT-5CD037JWRY" failures="1" tests="18" name="ChromeTest" time="109.283" errors="0" timestamp="2022-04-07T17:00:03 IST">
  <testcase classname="test.TestNGClass" name="@AfterMethod back" time="13.185">
    <failure type="org.openqa.selenium.WebDriverException" message="chrome not reachable
  (Session info: chrome=100.0.4896.60)
Build info: version: &amp;apos;4.1.1&amp;apos;, revision: &amp;apos;e8fcc2cecf&amp;apos;
System info: host: &amp;apos;LT-5CD037JWRY&amp;apos;, ip: &amp;apos;192.168.43.14&amp;apos;, os.name: &amp;apos;Windows 10&amp;apos;, os.arch: &amp;apos;amd64&amp;apos;, os.version: &amp;apos;10.0&amp;apos;, java.version: &amp;apos;17.0.2&amp;apos;
Driver info: org.openqa.selenium.chrome.ChromeDriver
Command: [f8f71cff8b61244472f02cb14835934a, goBack {}]
Capabilities {acceptInsecureCerts: false, browserName: chrome, browserVersion: 100.0.4896.60, chrome: {chromedriverVersion: 100.0.4896.60 (6a5d10861ce8..., userDataDir: C:\Users\RAJESH~1.BHO\AppDa...}, goog:chromeOptions: {debuggerAddress: localhost:57063}, javascriptEnabled: true, networkConnectionEnabled: false, pageLoadStrategy: normal, platform: WINDOWS, platformName: WINDOWS, proxy: Proxy(), se:cdp: ws://localhost:57063/devtoo..., se:cdpVersion: 100.0.4896.60, setWindowRect: true, strictFileInteractability: false, timeouts: {implicit: 0, pageLoad: 300000, script: 30000}, unhandledPromptBehavior: dismiss and notify, webauthn:extension:credBlob: true, webauthn:extension:largeBlob: true, webauthn:virtualAuthenticators: true}
Session ID: f8f71cff8b61244472f02cb14835934a">
      <![CDATA[org.openqa.selenium.WebDriverException: chrome not reachable
  (Session info: chrome=100.0.4896.60)
Build info: version: '4.1.1', revision: 'e8fcc2cecf'
System info: host: 'LT-5CD037JWRY', ip: '192.168.43.14', os.name: 'Windows 10', os.arch: 'amd64', os.version: '10.0', java.version: '17.0.2'
Driver info: org.openqa.selenium.chrome.ChromeDriver
Command: [f8f71cff8b61244472f02cb14835934a, goBack {}]
Capabilities {acceptInsecureCerts: false, browserName: chrome, browserVersion: 100.0.4896.60, chrome: {chromedriverVersion: 100.0.4896.60 (6a5d10861ce8..., userDataDir: C:\Users\RAJESH~1.BHO\AppDa...}, goog:chromeOptions: {debuggerAddress: localhost:57063}, javascriptEnabled: true, networkConnectionEnabled: false, pageLoadStrategy: normal, platform: WINDOWS, platformName: WINDOWS, proxy: Proxy(), se:cdp: ws://localhost:57063/devtoo..., se:cdpVersion: 100.0.4896.60, setWindowRect: true, strictFileInteractability: false, timeouts: {implicit: 0, pageLoad: 300000, script: 30000}, unhandledPromptBehavior: dismiss and notify, webauthn:extension:credBlob: true, webauthn:extension:largeBlob: true, webauthn:virtualAuthenticators: true}
Session ID: f8f71cff8b61244472f02cb14835934a
at org.openqa.selenium.remote.codec.w3c.W3CHttpResponseCodec.createException(W3CHttpResponseCodec.java:200)
at org.openqa.selenium.remote.codec.w3c.W3CHttpResponseCodec.decode(W3CHttpResponseCodec.java:133)
at org.openqa.selenium.remote.codec.w3c.W3CHttpResponseCodec.decode(W3CHttpResponseCodec.java:53)
at org.openqa.selenium.remote.HttpCommandExecutor.execute(HttpCommandExecutor.java:184)
at org.openqa.selenium.remote.service.DriverCommandExecutor.invokeExecute(DriverCommandExecutor.java:167)
at org.openqa.selenium.remote.service.DriverCommandExecutor.execute(DriverCommandExecutor.java:142)
at org.openqa.selenium.remote.RemoteWebDriver.execute(RemoteWebDriver.java:543)
at org.openqa.selenium.remote.RemoteWebDriver.execute(RemoteWebDriver.java:598)
at org.openqa.selenium.remote.RemoteWebDriver.execute(RemoteWebDriver.java:602)
at org.openqa.selenium.remote.RemoteWebDriver$RemoteNavigation.back(RemoteWebDriver.java:988)
at test.TestNGClass.back(TestNGClass.java:278)
at java.base/java.util.ArrayList.forEach(ArrayList.java:1511)
at java.base/java.util.concurrent.FutureTask.run(FutureTask.java:264)
at java.base/java.util.concurrent.ThreadPoolExecutor.runWorker(ThreadPoolExecutor.java:1136)
at java.base/java.util.concurrent.ThreadPoolExecutor$Worker.run(ThreadPoolExecutor.java:635)
at java.base/java.lang.Thread.run(Thread.java:833)
... Removed 28 stack frames]]>
    </failure>
  </testcase> <!-- @AfterMethod back -->
  <testcase classname="test.TestNGClass" name="@AfterMethod back" time="-1.649331003278E9">
    <skipped/>
  </testcase> <!-- @AfterMethod back -->
  <testcase classname="test.TestNGClass" name="@AfterMethod back" time="-1.649331003291E9">
    <skipped/>
  </testcase> <!-- @AfterMethod back -->
  <testcase classname="test.TestNGClass" name="@AfterMethod back" time="-1.649331003302E9">
    <skipped/>
  </testcase> <!-- @AfterMethod back -->
  <testcase classname="test.TestNGClass" name="@AfterMethod back" time="-1.649331003324E9">
    <skipped/>
  </testcase> <!-- @AfterMethod back -->
  <testcase classname="test.TestNGClass" name="@AfterMethod back" time="-1.649331003328E9">
    <skipped/>
  </testcase> <!-- @AfterMethod back -->
  <testcase classname="test.TestNGClass" name="@AfterMethod back" time="-1.649331003334E9">
    <skipped/>
  </testcase> <!-- @AfterMethod back -->
  <testcase classname="test.TestNGClass" name="@AfterMethod back" time="-1.649331003339E9">
    <skipped/>
  </testcase> <!-- @AfterMethod back -->
  <testcase classname="test.TestNGClass" name="@AfterMethod back" time="-1.649331003344E9">
    <skipped/>
  </testcase> <!-- @AfterMethod back -->
  <testcase classname="test.TestNGClass" name="@AfterMethod back" time="-1.649331003352E9">
    <skipped/>
  </testcase> <!-- @AfterMethod back -->
  <testcase classname="test.TestNGClass" name="@AfterMethod back" time="-1.649331003355E9">
    <skipped/>
  </testcase> <!-- @AfterMethod back -->
  <testcase classname="test.TestNGClass" name="@AfterMethod back" time="-1.649331003361E9">
    <skipped/>
  </testcase> <!-- @AfterMethod back -->
  <testcase classname="test.TestNGClass" name="@AfterMethod back" time="-1.649331003367E9">
    <skipped/>
  </testcase> <!-- @AfterMethod back -->
  <testcase classname="test.TestNGClass" name="@AfterMethod back" time="-1.649331003371E9">
    <skipped/>
  </testcase> <!-- @AfterMethod back -->
  <testcase classname="test.TestNGClass" name="@AfterMethod back" time="-1.649331003377E9">
    <skipped/>
  </testcase> <!-- @AfterMethod back -->
  <testcase classname="test.TestNGClass" name="@AfterMethod back" time="-1.649331003383E9">
    <skipped/>
  </testcase> <!-- @AfterMethod back -->
  <testcase classname="test.TestNGClass" name="@AfterTest closeBrawser" time="-1.649331003388E9">
    <skipped/>
  </testcase> <!-- @AfterTest closeBrawser -->
  <testcase classname="test.TestNGClass" name="bankingandpayment" time="17.647"/>
  <testcase classname="test.TestNGClass" name="clickoaerospace" time="26.776"/>
  <testcase classname="test.TestNGClass" name="clickoilandgas" time="33.219">
    <failure type="org.openqa.selenium.WebDriverException" message="chrome not reachable
  (Session info: chrome=100.0.4896.60)
Build info: version: &amp;apos;4.1.1&amp;apos;, revision: &amp;apos;e8fcc2cecf&amp;apos;
System info: host: &amp;apos;LT-5CD037JWRY&amp;apos;, ip: &amp;apos;192.168.43.14&amp;apos;, os.name: &amp;apos;Windows 10&amp;apos;, os.arch: &amp;apos;amd64&amp;apos;, os.version: &amp;apos;10.0&amp;apos;, java.version: &amp;apos;17.0.2&amp;apos;
Driver info: org.openqa.selenium.chrome.ChromeDriver
Command: [f8f71cff8b61244472f02cb14835934a, maximizeCurrentWindow {}]
Capabilities {acceptInsecureCerts: false, browserName: chrome, browserVersion: 100.0.4896.60, chrome: {chromedriverVersion: 100.0.4896.60 (6a5d10861ce8..., userDataDir: C:\Users\RAJESH~1.BHO\AppDa...}, goog:chromeOptions: {debuggerAddress: localhost:57063}, javascriptEnabled: true, networkConnectionEnabled: false, pageLoadStrategy: normal, platform: WINDOWS, platformName: WINDOWS, proxy: Proxy(), se:cdp: ws://localhost:57063/devtoo..., se:cdpVersion: 100.0.4896.60, setWindowRect: true, strictFileInteractability: false, timeouts: {implicit: 0, pageLoad: 300000, script: 30000}, unhandledPromptBehavior: dismiss and notify, webauthn:extension:credBlob: true, webauthn:extension:largeBlob: true, webauthn:virtualAuthenticators: true}
Session ID: f8f71cff8b61244472f02cb14835934a">
      <![CDATA[org.openqa.selenium.WebDriverException: chrome not reachable
  (Session info: chrome=100.0.4896.60)
Build info: version: '4.1.1', revision: 'e8fcc2cecf'
System info: host: 'LT-5CD037JWRY', ip: '192.168.43.14', os.name: 'Windows 10', os.arch: 'amd64', os.version: '10.0', java.version: '17.0.2'
Driver info: org.openqa.selenium.chrome.ChromeDriver
Command: [f8f71cff8b61244472f02cb14835934a, maximizeCurrentWindow {}]
Capabilities {acceptInsecureCerts: false, browserName: chrome, browserVersion: 100.0.4896.60, chrome: {chromedriverVersion: 100.0.4896.60 (6a5d10861ce8..., userDataDir: C:\Users\RAJESH~1.BHO\AppDa...}, goog:chromeOptions: {debuggerAddress: localhost:57063}, javascriptEnabled: true, networkConnectionEnabled: false, pageLoadStrategy: normal, platform: WINDOWS, platformName: WINDOWS, proxy: Proxy(), se:cdp: ws://localhost:57063/devtoo..., se:cdpVersion: 100.0.4896.60, setWindowRect: true, strictFileInteractability: false, timeouts: {implicit: 0, pageLoad: 300000, script: 30000}, unhandledPromptBehavior: dismiss and notify, webauthn:extension:credBlob: true, webauthn:extension:largeBlob: true, webauthn:virtualAuthenticators: true}
Session ID: f8f71cff8b61244472f02cb14835934a
at org.openqa.selenium.remote.codec.w3c.W3CHttpResponseCodec.createException(W3CHttpResponseCodec.java:200)
at org.openqa.selenium.remote.codec.w3c.W3CHttpResponseCodec.decode(W3CHttpResponseCodec.java:133)
at org.openqa.selenium.remote.codec.w3c.W3CHttpResponseCodec.decode(W3CHttpResponseCodec.java:53)
at org.openqa.selenium.remote.HttpCommandExecutor.execute(HttpCommandExecutor.java:184)
at org.openqa.selenium.remote.service.DriverCommandExecutor.invokeExecute(DriverCommandExecutor.java:167)
at org.openqa.selenium.remote.service.DriverCommandExecutor.execute(DriverCommandExecutor.java:142)
at org.openqa.selenium.remote.RemoteWebDriver.execute(RemoteWebDriver.java:543)
at org.openqa.selenium.remote.RemoteWebDriver.execute(RemoteWebDriver.java:598)
at org.openqa.selenium.remote.RemoteWebDriver.execute(RemoteWebDriver.java:602)
at org.openqa.selenium.remote.RemoteWebDriver$RemoteWebDriverOptions$RemoteWindow.maximize(RemoteWebDriver.java:969)
at test.TestNGClass.clickoilandgas(TestNGClass.java:230)
at java.base/java.util.ArrayList.forEach(ArrayList.java:1511)
at java.base/java.util.concurrent.FutureTask.run(FutureTask.java:264)
at java.base/java.util.concurrent.ThreadPoolExecutor.runWorker(ThreadPoolExecutor.java:1136)
at java.base/java.util.concurrent.ThreadPoolExecutor$Worker.run(ThreadPoolExecutor.java:635)
at java.base/java.lang.Thread.run(Thread.java:833)
... Removed 23 stack frames]]>
    </failure>
  </testcase> <!-- clickoilandgas -->
  <testcase classname="test.TestNGClass" name="clickomining" time="0.0">
    <skipped/>
  </testcase> <!-- clickomining -->
  <testcase classname="test.TestNGClass" name="clickonapparel" time="0.0">
    <skipped/>
  </testcase> <!-- clickonapparel -->
  <testcase classname="test.TestNGClass" name="clickonautomotive" time="0.0">
    <skipped/>
  </testcase> <!-- clickonautomotive -->
  <testcase classname="test.TestNGClass" name="clickonconstruction" time="0.0">
    <skipped/>
  </testcase> <!-- clickonconstruction -->
  <testcase classname="test.TestNGClass" name="clickonconsumer" time="0.0">
    <skipped/>
  </testcase> <!-- clickonconsumer -->
  <testcase classname="test.TestNGClass" name="clickonfoodservice" time="0.0">
    <skipped/>
  </testcase> <!-- clickonfoodservice -->
  <testcase classname="test.TestNGClass" name="clickonhealthcare" time="0.0">
    <skipped/>
  </testcase> <!-- clickonhealthcare -->
  <testcase classname="test.TestNGClass" name="clickoninsurance" time="0.0">
    <skipped/>
  </testcase> <!-- clickoninsurance -->
  <testcase classname="test.TestNGClass" name="clickonmedical" time="0.0">
    <skipped/>
  </testcase> <!-- clickonmedical -->
  <testcase classname="test.TestNGClass" name="clickonpackaging" time="0.0">
    <skipped/>
  </testcase> <!-- clickonpackaging -->
  <testcase classname="test.TestNGClass" name="clickonpharma" time="0.0">
    <skipped/>
  </testcase> <!-- clickonpharma -->
  <testcase classname="test.TestNGClass" name="clickonpower" time="0.0">
    <skipped/>
  </testcase> <!-- clickonpower -->
  <testcase classname="test.TestNGClass" name="clickonretail" time="0.0">
    <skipped/>
  </testcase> <!-- clickonretail -->
  <testcase classname="test.TestNGClass" name="clickonsport" time="0.0">
    <skipped/>
  </testcase> <!-- clickonsport -->
  <testcase classname="test.TestNGClass" name="clickontechnologybutton" time="0.0">
    <skipped/>
  </testcase> <!-- clickontechnologybutton -->
</testsuite> <!-- ChromeTest -->
